<?xml version="1.0" encoding="UTF-8"?>
<!-- Generated by org.testng.reporters.JUnitXMLReporter -->
<testsuite ignored="0" hostname="DESKTOP-7ARKDEF" failures="0" tests="4" name="Surefire test" time="161.212" errors="0" timestamp="22 Sep. 2020 00:38:23 GMT">
  <testcase classname="com.qa.amazon.testcases.HomePageTest" name="verifyHomePageTitleTest" time="2.875"/>
  <testcase classname="com.qa.amazon.testcases.LandingPageTest" name="verifyLandingPageTitleTest" time="0.092"/>
  <testcase classname="com.qa.amazon.testcases.LoginPageTest" name="verifyLoginPageTitleTest" time="0.065"/>
  <testcase classname="com.qa.amazon.testcases.SignInPageTest" name="verifySignInPageTitleTest" time="0.074"/>
</testsuite> <!-- Surefire test -->
