<?xml version="1.0" encoding="UTF-8"?>
<!-- Generated by org.testng.reporters.JUnitXMLReporter -->
<testsuite ignored="0" hostname="DESKTOP-7ARKDEF" failures="0" tests="2" name="Amazon Test Case" time="105.038" errors="0" timestamp="21 Sep. 2020 20:54:45 GMT">
  <testcase classname="com.qa.amazon.testcases.LandingPageTest" name="verifyLandingPageTitleTest" time="16.519"/>
  <testcase classname="com.qa.amazon.testcases.LoginPageTest" name="verifyLoginPageTitleTest" time="0.13"/>
</testsuite> <!-- Amazon Test Case -->
